Removed Pin From Net: NetName=USB_5V Pin=J1-A9
Removed Pin From Net: NetName=GND Pin=J1-A12
Removed Pin From Net: NetName=USB_5V Pin=J1-B9
Removed Pin From Net: NetName=GND Pin=J1-B12
Removed Pin From Net: NetName=GND Pin=J1-S1
Removed Pin From Net: NetName=GND Pin=J1-S2
Removed Pin From Net: NetName=GND Pin=J1-S3
Removed Pin From Net: NetName=GND Pin=J1-S4
Removed Pin From Net: NetName=V_BAT Pin=J4-1
Removed Pin From Net: NetName=GND Pin=J4-2
Change Component Footprint: Designator=J4 Old Footprint=CUI_PJ-037A New Footprint=GCT_USB4125-GF-A_REVA2
Change Component Footprint: Designator=J1 Old Footprint=GCT_USB4125-GF-A_REVA2 New Footprint=CUI_PJ-037A
Change Component Comment : Designator=J4 Old Comment=PJ-037A New Comment=USB4125-GF-A_REVA2
Change Component Comment : Designator=J1 Old Comment=USB4125-GF-A_REVA2 New Comment=PJ-037A
Change component parameters: Designator = "J1" ("J1"); Footprint = "GCT_USB4125-GF-A_REVA2"; UniqueID = "\VBMPAGNA" ("\VBMPAGNA")
Change component parameters (AddParameter): Name = "Availability"; Value = "Unavailable"; VariantName = "[No Variations]"
Change component parameters (AddParameter): Name = "MF"; Value = ""; VariantName = "[No Variations]"
Change component parameters (AddParameter): Name = "MP"; Value = "PJ-037A"; VariantName = "[No Variations]"
Change component parameters (AddParameter): Name = "Package"; Value = "None"; VariantName = "[No Variations]"
Change component parameters (AddParameter): Name = "Price"; Value = "None"; VariantName = "[No Variations]"
Change component parameters (AddParameter): Name = "Value"; Value = ""; VariantName = "[No Variations]"
Change component parameters: Designator = "J4" ("J4"); Footprint = "CUI_PJ-037A"; UniqueID = "\TURMPRFU" ("\TURMPRFU")
Change component parameters (AddParameter): Name = "Availability"; Value = "Unavailable"; VariantName = "[No Variations]"
Change component parameters (AddParameter): Name = "MF"; Value = ""; VariantName = "[No Variations]"
Change component parameters (AddParameter): Name = "MP"; Value = "USB4125-GF-A_REVA2"; VariantName = "[No Variations]"
Change component parameters (AddParameter): Name = "Package"; Value = "None"; VariantName = "[No Variations]"
Change component parameters (AddParameter): Name = "Price"; Value = "None"; VariantName = "[No Variations]"
Change component parameters (AddParameter): Name = "Value"; Value = ""; VariantName = "[No Variations]"
Added Pin To Net: NetName=V_BAT Pin=J1-1
Added Pin To Net: NetName=GND Pin=J1-2
Added Pin To Net: NetName=USB_5V Pin=J4-A9
Added Pin To Net: NetName=GND Pin=J4-A12
Added Pin To Net: NetName=USB_5V Pin=J4-B9
Added Pin To Net: NetName=GND Pin=J4-B12
Added Pin To Net: NetName=GND Pin=J4-S1
Added Pin To Net: NetName=GND Pin=J4-S2
Added Pin To Net: NetName=GND Pin=J4-S3
Added Pin To Net: NetName=GND Pin=J4-S4
Added Pin To Net: NetName=NetJ4_A5 Pin=J4-A5
Added Pin To Net: NetName=NetJ4_A5 Pin=R1-1
Added Net: Name=NetJ4_A5
Added Pin To Net: NetName=NetJ4_B5 Pin=J4-B5
Added Pin To Net: NetName=NetJ4_B5 Pin=R2-1
Added Net: Name=NetJ4_B5
